app/build/intermediates/manifest_merge_blame_file/debug/manifest-merger-blame-debug-report.txt
1<?xml version="1.0" encoding="utf-8"?>
2<manifest xmlns:android="http://schemas.android.com/apk/res/android"
3    package="com.example.simpleaudioplayer"
4    android:versionCode="1"
5    android:versionName="1.0" >
6
7    <uses-sdk
8        android:minSdkVersion="24"
9        android:targetSdkVersion="34" />
10
11    <!-- Дозволи для доступу до медіа файлів (Android 13+) -->
12    <uses-permission android:name="android.permission.READ_MEDIA_AUDIO" />
12-->src/main/AndroidManifest.xml:6:5-75
12-->src/main/AndroidManifest.xml:6:22-72
13
14    <!-- Дозволи для старіших версій Android -->
15    <uses-permission
15-->src/main/AndroidManifest.xml:9:5-10:38
16        android:name="android.permission.READ_EXTERNAL_STORAGE"
16-->src/main/AndroidManifest.xml:9:22-77
17        android:maxSdkVersion="32" />
17-->src/main/AndroidManifest.xml:10:9-35
18
19    <!-- Дозволи для роботи в фоновому режимі -->
20    <uses-permission android:name="android.permission.FOREGROUND_SERVICE" />
20-->src/main/AndroidManifest.xml:13:5-77
20-->src/main/AndroidManifest.xml:13:22-74
21    <uses-permission android:name="android.permission.FOREGROUND_SERVICE_MEDIA_PLAYBACK" />
21-->src/main/AndroidManifest.xml:14:5-92
21-->src/main/AndroidManifest.xml:14:22-89
22
23    <!-- Дозволи для захисту конфіденційності -->
24    <uses-permission android:name="android.permission.POST_NOTIFICATIONS" />
24-->src/main/AndroidManifest.xml:17:5-77
24-->src/main/AndroidManifest.xml:17:22-74
25
26    <permission
26-->[androidx.core:core:1.12.0] AndroidManifest.xml:22:5-24:47
27        android:name="com.example.simpleaudioplayer.DYNAMIC_RECEIVER_NOT_EXPORTED_PERMISSION"
27-->[androidx.core:core:1.12.0] AndroidManifest.xml:23:9-81
28        android:protectionLevel="signature" />
28-->[androidx.core:core:1.12.0] AndroidManifest.xml:24:9-44
29
30    <uses-permission android:name="com.example.simpleaudioplayer.DYNAMIC_RECEIVER_NOT_EXPORTED_PERMISSION" />
30-->[androidx.core:core:1.12.0] AndroidManifest.xml:26:5-97
30-->[androidx.core:core:1.12.0] AndroidManifest.xml:26:22-94
31
32    <application
32-->src/main/AndroidManifest.xml:19:5-43:19
33        android:allowBackup="true"
33-->src/main/AndroidManifest.xml:20:9-35
34        android:appComponentFactory="androidx.core.app.CoreComponentFactory"
34-->[androidx.core:core:1.12.0] AndroidManifest.xml:28:18-86
35        android:dataExtractionRules="@xml/data_extraction_rules"
35-->src/main/AndroidManifest.xml:21:9-65
36        android:debuggable="true"
37        android:enableOnBackInvokedCallback="true"
37-->src/main/AndroidManifest.xml:28:9-51
38        android:extractNativeLibs="false"
39        android:fullBackupContent="@xml/backup_rules"
39-->src/main/AndroidManifest.xml:22:9-54
40        android:icon="@mipmap/ic_launcher"
40-->src/main/AndroidManifest.xml:23:9-43
41        android:label="@string/app_name"
41-->src/main/AndroidManifest.xml:24:9-41
42        android:roundIcon="@mipmap/ic_launcher_round"
42-->src/main/AndroidManifest.xml:25:9-54
43        android:supportsRtl="true"
43-->src/main/AndroidManifest.xml:26:9-35
44        android:theme="@style/Theme.SimpleAudioPlayer" >
44-->src/main/AndroidManifest.xml:27:9-55
45        <activity
45-->src/main/AndroidManifest.xml:31:9-39:20
46            android:name="com.example.simpleaudioplayer.MainActivity"
46-->src/main/AndroidManifest.xml:32:13-41
47            android:exported="true"
47-->src/main/AndroidManifest.xml:33:13-36
48            android:theme="@style/Theme.SimpleAudioPlayer" >
48-->src/main/AndroidManifest.xml:34:13-59
49            <intent-filter>
49-->src/main/AndroidManifest.xml:35:13-38:29
50                <action android:name="android.intent.action.MAIN" />
50-->src/main/AndroidManifest.xml:36:17-69
50-->src/main/AndroidManifest.xml:36:25-66
51
52                <category android:name="android.intent.category.LAUNCHER" />
52-->src/main/AndroidManifest.xml:37:17-77
52-->src/main/AndroidManifest.xml:37:27-74
53            </intent-filter>
54        </activity>
55
56        <provider
56-->[androidx.emoji2:emoji2:1.2.0] AndroidManifest.xml:24:9-32:20
57            android:name="androidx.startup.InitializationProvider"
57-->[androidx.emoji2:emoji2:1.2.0] AndroidManifest.xml:25:13-67
58            android:authorities="com.example.simpleaudioplayer.androidx-startup"
58-->[androidx.emoji2:emoji2:1.2.0] AndroidManifest.xml:26:13-68
59            android:exported="false" >
59-->[androidx.emoji2:emoji2:1.2.0] AndroidManifest.xml:27:13-37
60            <meta-data
60-->[androidx.emoji2:emoji2:1.2.0] AndroidManifest.xml:29:13-31:52
61                android:name="androidx.emoji2.text.EmojiCompatInitializer"
61-->[androidx.emoji2:emoji2:1.2.0] AndroidManifest.xml:30:17-75
62                android:value="androidx.startup" />
62-->[androidx.emoji2:emoji2:1.2.0] AndroidManifest.xml:31:17-49
63            <meta-data
63-->[androidx.lifecycle:lifecycle-process:2.6.1] AndroidManifest.xml:29:13-31:52
64                android:name="androidx.lifecycle.ProcessLifecycleInitializer"
64-->[androidx.lifecycle:lifecycle-process:2.6.1] AndroidManifest.xml:30:17-78
65                android:value="androidx.startup" />
65-->[androidx.lifecycle:lifecycle-process:2.6.1] AndroidManifest.xml:31:17-49
66            <meta-data
66-->[androidx.profileinstaller:profileinstaller:1.3.0] AndroidManifest.xml:29:13-31:52
67                android:name="androidx.profileinstaller.ProfileInstallerInitializer"
67-->[androidx.profileinstaller:profileinstaller:1.3.0] AndroidManifest.xml:30:17-85
68                android:value="androidx.startup" />
68-->[androidx.profileinstaller:profileinstaller:1.3.0] AndroidManifest.xml:31:17-49
69        </provider>
70
71        <receiver
71-->[androidx.profileinstaller:profileinstaller:1.3.0] AndroidManifest.xml:34:9-52:20
72            android:name="androidx.profileinstaller.ProfileInstallReceiver"
72-->[androidx.profileinstaller:profileinstaller:1.3.0] AndroidManifest.xml:35:13-76
73            android:directBootAware="false"
73-->[androidx.profileinstaller:profileinstaller:1.3.0] AndroidManifest.xml:36:13-44
74            android:enabled="true"
74-->[androidx.profileinstaller:profileinstaller:1.3.0] AndroidManifest.xml:37:13-35
75            android:exported="true"
75-->[androidx.profileinstaller:profileinstaller:1.3.0] AndroidManifest.xml:38:13-36
76            android:permission="android.permission.DUMP" >
76-->[androidx.profileinstaller:profileinstaller:1.3.0] AndroidManifest.xml:39:13-57
77            <intent-filter>
77-->[androidx.profileinstaller:profileinstaller:1.3.0] AndroidManifest.xml:40:13-42:29
78                <action android:name="androidx.profileinstaller.action.INSTALL_PROFILE" />
78-->[androidx.profileinstaller:profileinstaller:1.3.0] AndroidManifest.xml:41:17-91
78-->[androidx.profileinstaller:profileinstaller:1.3.0] AndroidManifest.xml:41:25-88
79            </intent-filter>
80            <intent-filter>
80-->[androidx.profileinstaller:profileinstaller:1.3.0] AndroidManifest.xml:43:13-45:29
81                <action android:name="androidx.profileinstaller.action.SKIP_FILE" />
81-->[androidx.profileinstaller:profileinstaller:1.3.0] AndroidManifest.xml:44:17-85
81-->[androidx.profileinstaller:profileinstaller:1.3.0] AndroidManifest.xml:44:25-82
82            </intent-filter>
83            <intent-filter>
83-->[androidx.profileinstaller:profileinstaller:1.3.0] AndroidManifest.xml:46:13-48:29
84                <action android:name="androidx.profileinstaller.action.SAVE_PROFILE" />
84-->[androidx.profileinstaller:profileinstaller:1.3.0] AndroidManifest.xml:47:17-88
84-->[androidx.profileinstaller:profileinstaller:1.3.0] AndroidManifest.xml:47:25-85
85            </intent-filter>
86            <intent-filter>
86-->[androidx.profileinstaller:profileinstaller:1.3.0] AndroidManifest.xml:49:13-51:29
87                <action android:name="androidx.profileinstaller.action.BENCHMARK_OPERATION" />
87-->[androidx.profileinstaller:profileinstaller:1.3.0] AndroidManifest.xml:50:17-95
87-->[androidx.profileinstaller:profileinstaller:1.3.0] AndroidManifest.xml:50:25-92
88            </intent-filter>
89        </receiver>
90    </application>
91
92</manifest>